<?xml version="1.0" encoding="UTF-8"?>
<testsuite xmlns:xsi="http://www.w3.org/2001/XMLSchema-instance" xsi:schemaLocation="https://maven.apache.org/surefire/maven-surefire-plugin/xsd/surefire-test-report.xsd" name="br.com.ZeDelivery.runner.RunCucumberTest" time="101.158" tests="29" errors="0" skipped="0" failures="0">
  <properties>
    <property name="java.runtime.name" value="Java(TM) SE Runtime Environment"/>
    <property name="sun.boot.library.path" value="C:\Program Files\Java\jdk1.8.0_231\jre\bin"/>
    <property name="java.vm.version" value="25.231-b11"/>
    <property name="java.vm.vendor" value="Oracle Corporation"/>
    <property name="maven.multiModuleProjectDirectory" value="C:\Users\Flavio Pacheco\git\automacao-cucumber"/>
    <property name="java.vendor.url" value="http://java.oracle.com/"/>
    <property name="path.separator" value=";"/>
    <property name="guice.disable.misplaced.annotation.check" value="true"/>
    <property name="java.vm.name" value="Java HotSpot(TM) 64-Bit Server VM"/>
    <property name="file.encoding.pkg" value="sun.io"/>
    <property name="user.script" value=""/>
    <property name="user.country" value="BR"/>
    <property name="sun.java.launcher" value="SUN_STANDARD"/>
    <property name="sun.os.patch.level" value=""/>
    <property name="java.vm.specification.name" value="Java Virtual Machine Specification"/>
    <property name="user.dir" value="C:\Users\Flavio Pacheco\git\automacao-cucumber"/>
    <property name="java.runtime.version" value="1.8.0_231-b11"/>
    <property name="java.awt.graphicsenv" value="sun.awt.Win32GraphicsEnvironment"/>
    <property name="java.endorsed.dirs" value="C:\Program Files\Java\jdk1.8.0_231\jre\lib\endorsed"/>
    <property name="os.arch" value="amd64"/>
    <property name="java.io.tmpdir" value="C:\Users\FLAVIO~1\AppData\Local\Temp\"/>
    <property name="line.separator" value="&#10;"/>
    <property name="java.vm.specification.vendor" value="Oracle Corporation"/>
    <property name="user.variant" value=""/>
    <property name="os.name" value="Windows 10"/>
    <property name="classworlds.conf" value="C:\Users\Flavio Pacheco\eclipse-workspace\.metadata\.plugins\org.eclipse.m2e.launching\launches\m2conf4119533686271517438.tmp"/>
    <property name="sun.jnu.encoding" value="Cp1252"/>
    <property name="java.library.path" value="C:\Program Files\Java\jdk1.8.0_231\bin;C:\Windows\Sun\Java\bin;C:\Windows\system32;C:\Windows;C:/Program Files/Java/jre1.8.0_231/bin/server;C:/Program Files/Java/jre1.8.0_231/bin;C:/Program Files/Java/jre1.8.0_231/lib/amd64;C:\Program Files (x86)\Common Files\Oracle\Java\javapath;C:\Windows\system32;C:\Windows;C:\Windows\System32\Wbem;C:\Windows\System32\WindowsPowerShell\v1.0\;C:\Windows\System32\OpenSSH\;C:\Program Files\apache\apache-maven-3.6.3\bin;C:\Program Files\Java\jdk1.8.0_231;C:\Program Files\apache\apache-maven-3.6.3\bin\bin;C:\Users\Flavio Pacheco\AppData\Local\Microsoft\WindowsApps;C:\Program Files (x86)\Sophos\Sophos SSL VPN Client\bin;C:\Users\Flavio Pacheco\Downloads\eclipse;;."/>
    <property name="java.specification.name" value="Java Platform API Specification"/>
    <property name="java.class.version" value="52.0"/>
    <property name="sun.management.compiler" value="HotSpot 64-Bit Tiered Compilers"/>
    <property name="os.version" value="10.0"/>
    <property name="user.home" value="C:\Users\Flavio Pacheco"/>
    <property name="user.timezone" value="GMT-03:00"/>
    <property name="java.awt.printerjob" value="sun.awt.windows.WPrinterJob"/>
    <property name="java.specification.version" value="1.8"/>
    <property name="file.encoding" value="Cp1252"/>
    <property name="user.name" value="Flavio Pacheco"/>
    <property name="java.class.path" value="C:\Users\Flavio Pacheco\Downloads\eclipse\plugins\org.eclipse.m2e.maven.runtime_1.16.0.20200610-1735\jars\plexus-classworlds-2.6.0.jar"/>
    <property name="java.vm.specification.version" value="1.8"/>
    <property name="sun.arch.data.model" value="64"/>
    <property name="java.home" value="C:\Program Files\Java\jdk1.8.0_231\jre"/>
    <property name="sun.java.command" value="org.codehaus.plexus.classworlds.launcher.Launcher -B install"/>
    <property name="java.specification.vendor" value="Oracle Corporation"/>
    <property name="user.language" value="pt"/>
    <property name="awt.toolkit" value="sun.awt.windows.WToolkit"/>
    <property name="java.vm.info" value="mixed mode"/>
    <property name="java.version" value="1.8.0_231"/>
    <property name="java.ext.dirs" value="C:\Program Files\Java\jdk1.8.0_231\jre\lib\ext;C:\Windows\Sun\Java\lib\ext"/>
    <property name="sun.boot.class.path" value="C:\Program Files\Java\jdk1.8.0_231\jre\lib\resources.jar;C:\Program Files\Java\jdk1.8.0_231\jre\lib\rt.jar;C:\Program Files\Java\jdk1.8.0_231\jre\lib\sunrsasign.jar;C:\Program Files\Java\jdk1.8.0_231\jre\lib\jsse.jar;C:\Program Files\Java\jdk1.8.0_231\jre\lib\jce.jar;C:\Program Files\Java\jdk1.8.0_231\jre\lib\charsets.jar;C:\Program Files\Java\jdk1.8.0_231\jre\lib\jfr.jar;C:\Program Files\Java\jdk1.8.0_231\jre\classes"/>
    <property name="java.vendor" value="Oracle Corporation"/>
    <property name="maven.home" value="C:\Users\Flavio Pacheco\git\automacao-cucumber\EMBEDDED"/>
    <property name="file.separator" value="\"/>
    <property name="java.vendor.url.bug" value="http://bugreport.sun.com/bugreport/"/>
    <property name="sun.cpu.endian" value="little"/>
    <property name="sun.io.unicode.encoding" value="UnicodeLittle"/>
    <property name="sun.desktop" value="windows"/>
    <property name="sun.cpu.isalist" value="amd64"/>
  </properties>
  <testcase name="Dado que estou no site &quot;https://www.ze.delivery/&quot;" classname="| &quot;Ze Delivery&quot; | &quot;automacao10006@gmail.com&quot; | &quot;37366727059&quot; | &quot;11977454286&quot; |" time="0.002"/>
  <testcase name="E que informo maior idade" classname="| &quot;Ze Delivery&quot; | &quot;automacao10006@gmail.com&quot; | &quot;37366727059&quot; | &quot;11977454286&quot; |" time="0"/>
  <testcase name="Quando eu acesso a pagina de cadastro" classname="| &quot;Ze Delivery&quot; | &quot;automacao10006@gmail.com&quot; | &quot;37366727059&quot; | &quot;11977454286&quot; |" time="0"/>
  <testcase name="E preencho o campo Nome e sobrenome com o valor &quot;Ze Delivery&quot;" classname="| &quot;Ze Delivery&quot; | &quot;automacao10006@gmail.com&quot; | &quot;37366727059&quot; | &quot;11977454286&quot; |" time="0"/>
  <testcase name="E preencho o campo E-mail com um valor de e-mail genérico" classname="| &quot;Ze Delivery&quot; | &quot;automacao10006@gmail.com&quot; | &quot;37366727059&quot; | &quot;11977454286&quot; |" time="0"/>
  <testcase name="E preencho o campo Senha com o valor &quot;Automacao001&quot;" classname="| &quot;Ze Delivery&quot; | &quot;automacao10006@gmail.com&quot; | &quot;37366727059&quot; | &quot;11977454286&quot; |" time="0"/>
  <testcase name="E preencho o campo CPF com o valor &quot;37366727059&quot;" classname="| &quot;Ze Delivery&quot; | &quot;automacao10006@gmail.com&quot; | &quot;37366727059&quot; | &quot;11977454286&quot; |" time="0"/>
  <testcase name="E preencho o campo Celular com o valor &quot;11977454286&quot;" classname="| &quot;Ze Delivery&quot; | &quot;automacao10006@gmail.com&quot; | &quot;37366727059&quot; | &quot;11977454286&quot; |" time="0"/>
  <testcase name="E preencho o campo &apos;Qual a sua idade?&apos; com o valor &quot;23&quot;" classname="| &quot;Ze Delivery&quot; | &quot;automacao10006@gmail.com&quot; | &quot;37366727059&quot; | &quot;11977454286&quot; |" time="0"/>
  <testcase name="E aceito os termos" classname="| &quot;Ze Delivery&quot; | &quot;automacao10006@gmail.com&quot; | &quot;37366727059&quot; | &quot;11977454286&quot; |" time="0"/>
  <testcase name="E aceito as Notificações" classname="| &quot;Ze Delivery&quot; | &quot;automacao10006@gmail.com&quot; | &quot;37366727059&quot; | &quot;11977454286&quot; |" time="0"/>
  <testcase name="E confirmo o cadastro" classname="| &quot;Ze Delivery&quot; | &quot;automacao10006@gmail.com&quot; | &quot;37366727059&quot; | &quot;11977454286&quot; |" time="0"/>
  <testcase name="Então é exibido a página inicial do sistema" classname="| &quot;Ze Delivery&quot; | &quot;automacao10006@gmail.com&quot; | &quot;37366727059&quot; | &quot;11977454286&quot; |" time="0"/>
  <testcase name="E eu verifico se o nome cadastrado é igual a &quot;Ze Delivery&quot;" classname="| &quot;Ze Delivery&quot; | &quot;automacao10006@gmail.com&quot; | &quot;37366727059&quot; | &quot;11977454286&quot; |" time="0"/>
  <testcase name="E eu verifico se o telefone cadastrado é igual a &quot;11977454286&quot;" classname="| &quot;Ze Delivery&quot; | &quot;automacao10006@gmail.com&quot; | &quot;37366727059&quot; | &quot;11977454286&quot; |" time="0"/>
  <testcase name="| &quot;Ze Delivery&quot; | &quot;automacao10006@gmail.com&quot; | &quot;37366727059&quot; | &quot;11977454286&quot; |" classname="| &quot;Ze Delivery&quot; | &quot;automacao10006@gmail.com&quot; | &quot;37366727059&quot; | &quot;11977454286&quot; |" time="5.753"/>
  <testcase name="Quando que eu realizo a chamada da api de consultar clima para a cidade &quot;London&quot;" classname="| 200 | &quot;London&quot; |" time="0"/>
  <testcase name="E eu valido do ResponseBody o campo &quot;name&quot; igual a &quot;London&quot;" classname="| 200 | &quot;London&quot; |" time="0"/>
  <testcase name="| 200 | &quot;London&quot; |" classname="| 200 | &quot;London&quot; |" time="8.45"/>
  <testcase name="Quando que eu realizo a chamada da api de consultar clima por ID cidade 2172797" classname="| 200 | &quot;London&quot; | 2172797 |" time="0"/>
  <testcase name="E eu valido do ResponseBody o campo &quot;name&quot; igual a &quot;London&quot;" classname="| 200 | &quot;London&quot; | 2172797 |" time="0"/>
  <testcase name="| 200 | &quot;London&quot; | 2172797 |" classname="| 200 | &quot;London&quot; | 2172797 |" time="8.641"/>
  <testcase name="Dado que estou no site &quot;https://www.ze.delivery/&quot;" classname="| &quot;automacao1010@gmail.com&quot; | &quot;Automacao001&quot; |" time="0"/>
  <testcase name="E que informo maior idade" classname="| &quot;automacao1010@gmail.com&quot; | &quot;Automacao001&quot; |" time="0"/>
  <testcase name="Quando eu acesso a pagina de Login" classname="| &quot;automacao1010@gmail.com&quot; | &quot;Automacao001&quot; |" time="0"/>
  <testcase name="E realizo o acesso com o E-mail &quot;automacao1010@gmail.com&quot; e senha &quot;Automacao001&quot;" classname="| &quot;automacao1010@gmail.com&quot; | &quot;Automacao001&quot; |" time="0"/>
  <testcase name="Então é exibido a página inicial do sistema" classname="| &quot;automacao1010@gmail.com&quot; | &quot;Automacao001&quot; |" time="0"/>
  <testcase name="E eu verifico se o e-mail cadastrado é igual a &quot;automacao1010@gmail.com&quot;" classname="| &quot;automacao1010@gmail.com&quot; | &quot;Automacao001&quot; |" time="0"/>
  <testcase name="| &quot;automacao1010@gmail.com&quot; | &quot;Automacao001&quot; |" classname="| &quot;automacao1010@gmail.com&quot; | &quot;Automacao001&quot; |" time="5.544"/>
</testsuite>